<?xml version="1.0" encoding="UTF-8"?>
<testsuite name="edu.bsu.cs.RevisionFormatterTest" tests="2" skipped="0" failures="0" errors="0" timestamp="2025-09-18T13:47:44.862Z" hostname="JACKS_LAPTOP" time="0.006">
  <properties/>
  <testcase name="testFormatRedirect()" classname="edu.bsu.cs.RevisionFormatterTest" time="0.004"/>
  <testcase name="testFormatRevisions()" classname="edu.bsu.cs.RevisionFormatterTest" time="0.001"/>
  <system-out><![CDATA[]]></system-out>
  <system-err><![CDATA[]]></system-err>
</testsuite>
