<?xml version="1.0" encoding="UTF-8"?>
<testsuite name="edu.bsu.cs.RevisionFormatterTest" tests="2" skipped="0" failures="0" errors="0" timestamp="2025-09-23T13:47:27.313Z" hostname="JACKS_LAPTOP" time="0.01">
  <properties/>
  <testcase name="testFormatRedirect()" classname="edu.bsu.cs.RevisionFormatterTest" time="0.006"/>
  <testcase name="testFormatRevisions()" classname="edu.bsu.cs.RevisionFormatterTest" time="0.002"/>
  <system-out><![CDATA[]]></system-out>
  <system-err><![CDATA[]]></system-err>
</testsuite>
