<?xml version="1.0" encoding="UTF-8"?>
<testsuite name="edu.bsu.cs.WikipediaArticleTest" tests="1" skipped="0" failures="0" errors="0" timestamp="2025-09-23T13:47:28.566Z" hostname="JACKS_LAPTOP" time="0.007">
  <properties/>
  <testcase name="testGetArticleName()" classname="edu.bsu.cs.WikipediaArticleTest" time="0.007"/>
  <system-out><![CDATA[]]></system-out>
  <system-err><![CDATA[]]></system-err>
</testsuite>
