<?xml version="1.0" encoding="UTF-8"?>
<testsuite name="edu.bsu.cs.RevisionTest" tests="3" skipped="0" failures="0" errors="0" timestamp="2025-09-18T13:47:44.918Z" hostname="JACKS_LAPTOP" time="0.002">
  <properties/>
  <testcase name="testRevisionWithAnonymousUser()" classname="edu.bsu.cs.RevisionTest" time="0.0"/>
  <testcase name="testRevisionCreation()" classname="edu.bsu.cs.RevisionTest" time="0.0"/>
  <testcase name="testRevisionImmutability()" classname="edu.bsu.cs.RevisionTest" time="0.001"/>
  <system-out><![CDATA[]]></system-out>
  <system-err><![CDATA[]]></system-err>
</testsuite>
