<?xml version="1.0" encoding="UTF-8"?>
<testsuite name="edu.bsu.cs.BubbleSortTest" tests="8" skipped="0" failures="0" errors="0" timestamp="2025-09-18T13:47:44.824Z" hostname="JACKS_LAPTOP" time="0.034">
  <properties/>
  <testcase name="testSortAlreadySorted()" classname="edu.bsu.cs.BubbleSortTest" time="0.014"/>
  <testcase name="testSortNullList()" classname="edu.bsu.cs.BubbleSortTest" time="0.001"/>
  <testcase name="testSortSingleRevision()" classname="edu.bsu.cs.BubbleSortTest" time="0.0"/>
  <testcase name="testSortFifteenRevisions()" classname="edu.bsu.cs.BubbleSortTest" time="0.007"/>
  <testcase name="testSortEmptyList()" classname="edu.bsu.cs.BubbleSortTest" time="0.001"/>
  <testcase name="testSortReverseChronological()" classname="edu.bsu.cs.BubbleSortTest" time="0.001"/>
  <testcase name="testSortMultipleRevisions()" classname="edu.bsu.cs.BubbleSortTest" time="0.0"/>
  <testcase name="testSortPreservesOriginalList()" classname="edu.bsu.cs.BubbleSortTest" time="0.0"/>
  <system-out><![CDATA[]]></system-out>
  <system-err><![CDATA[]]></system-err>
</testsuite>
