<?xml version="1.0" encoding="UTF-8"?>
<testsuite name="edu.bsu.cs.UserOutputTest" tests="6" skipped="0" failures="0" errors="0" timestamp="2025-09-18T13:47:44.933Z" hostname="JACKS_LAPTOP" time="0.015">
  <properties/>
  <testcase name="testPrintFormattedRevisions()" classname="edu.bsu.cs.UserOutputTest" time="0.011"/>
  <testcase name="testPrintEmptyString()" classname="edu.bsu.cs.UserOutputTest" time="0.0"/>
  <testcase name="testPrintError()" classname="edu.bsu.cs.UserOutputTest" time="0.001"/>
  <testcase name="testPrintMultipleMessages()" classname="edu.bsu.cs.UserOutputTest" time="0.001"/>
  <testcase name="testPrintNetworkError()" classname="edu.bsu.cs.UserOutputTest" time="0.001"/>
  <testcase name="testPrintMessage()" classname="edu.bsu.cs.UserOutputTest" time="0.0"/>
  <system-out><![CDATA[]]></system-out>
  <system-err><![CDATA[]]></system-err>
</testsuite>
